[ 2015-08-25T00:12:48+08:00 ] 127.0.0.1 /Home/Main/addBook.html
INFO: [ app_init ] --START--
INFO: Run Behavior\BuildLiteBehavior [ RunTime:0.000029s ]
INFO: [ app_init ] --END-- [ RunTime:0.000551s ]
INFO: [ app_begin ] --START--
INFO: Run Behavior\ReadHtmlCacheBehavior [ RunTime:0.000812s ]
INFO: [ app_begin ] --END-- [ RunTime:0.001010s ]
INFO: [ view_parse ] --START--
INFO: [ template_filter ] --START--
INFO: Run Behavior\ContentReplaceBehavior [ RunTime:0.000101s ]
INFO: [ template_filter ] --END-- [ RunTime:0.000222s ]
INFO: Run Behavior\ParseTemplateBehavior [ RunTime:0.014046s ]
INFO: [ view_parse ] --END-- [ RunTime:0.014174s ]
INFO: [ view_filter ] --START--
INFO: Run Behavior\WriteHtmlCacheBehavior [ RunTime:0.000443s ]
INFO: [ view_filter ] --END-- [ RunTime:0.000592s ]
INFO: [ app_end ] --START--
INFO: Run Behavior\ShowPageTraceBehavior [ RunTime:0.001030s ]
INFO: [ app_end ] --END-- [ RunTime:0.001226s ]

[ 2015-08-25T00:12:49+08:00 ] 127.0.0.1 /Home/Main/updateBook.html
INFO: [ app_init ] --START--
INFO: Run Behavior\BuildLiteBehavior [ RunTime:0.000028s ]
INFO: [ app_init ] --END-- [ RunTime:0.000401s ]
INFO: [ app_begin ] --START--
INFO: Run Behavior\ReadHtmlCacheBehavior [ RunTime:0.000430s ]
INFO: [ app_begin ] --END-- [ RunTime:0.000561s ]
SQL: SHOW COLUMNS FROM `book` [ RunTime:0.0047s ]
SQL: SELECT COUNT(*) AS tp_count FROM `book` LIMIT 1   [ RunTime:0.0003s ]
SQL: SELECT * FROM `book` ORDER BY book_id LIMIT 0,10   [ RunTime:0.0003s ]
INFO: [ view_parse ] --START--
INFO: [ template_filter ] --START--
INFO: Run Behavior\ContentReplaceBehavior [ RunTime:0.000125s ]
INFO: [ template_filter ] --END-- [ RunTime:0.000245s ]
INFO: Run Behavior\ParseTemplateBehavior [ RunTime:0.014819s ]
INFO: [ view_parse ] --END-- [ RunTime:0.014953s ]
INFO: [ view_filter ] --START--
INFO: Run Behavior\WriteHtmlCacheBehavior [ RunTime:0.000540s ]
INFO: [ view_filter ] --END-- [ RunTime:0.000654s ]
INFO: [ app_end ] --START--
INFO: Run Behavior\ShowPageTraceBehavior [ RunTime:0.000875s ]
INFO: [ app_end ] --END-- [ RunTime:0.001110s ]

[ 2015-08-25T00:12:51+08:00 ] 127.0.0.1 /Home/Main/returnBook.html
INFO: [ app_init ] --START--
INFO: Run Behavior\BuildLiteBehavior [ RunTime:0.000030s ]
INFO: [ app_init ] --END-- [ RunTime:0.000493s ]
INFO: [ app_begin ] --START--
INFO: Run Behavior\ReadHtmlCacheBehavior [ RunTime:0.001170s ]
INFO: [ app_begin ] --END-- [ RunTime:0.001397s ]
INFO: [ view_parse ] --START--
INFO: [ template_filter ] --START--
INFO: Run Behavior\ContentReplaceBehavior [ RunTime:0.000093s ]
INFO: [ template_filter ] --END-- [ RunTime:0.000231s ]
NOTIC: [8] Undefined variable: action C:\wamp\www\vitaldesign\Application\Runtime\Cache\Home\38733b343e65b719fc23229308a0ea9b.php 第 9 行.
NOTIC: [8] Undefined variable: data C:\wamp\www\vitaldesign\Application\Runtime\Cache\Home\38733b343e65b719fc23229308a0ea9b.php 第 48 行.
NOTIC: [8] Undefined variable: page C:\wamp\www\vitaldesign\Application\Runtime\Cache\Home\38733b343e65b719fc23229308a0ea9b.php 第 72 行.
INFO: Run Behavior\ParseTemplateBehavior [ RunTime:0.011651s ]
INFO: [ view_parse ] --END-- [ RunTime:0.011764s ]
INFO: [ view_filter ] --START--
INFO: Run Behavior\WriteHtmlCacheBehavior [ RunTime:0.000399s ]
INFO: [ view_filter ] --END-- [ RunTime:0.000552s ]
INFO: [ app_end ] --START--
INFO: Run Behavior\ShowPageTraceBehavior [ RunTime:0.000573s ]
INFO: [ app_end ] --END-- [ RunTime:0.000678s ]

[ 2015-08-25T00:12:52+08:00 ] 127.0.0.1 /Home/Main/lendBook.html
INFO: [ app_init ] --START--
INFO: Run Behavior\BuildLiteBehavior [ RunTime:0.000027s ]
INFO: [ app_init ] --END-- [ RunTime:0.000394s ]
INFO: [ app_begin ] --START--
INFO: Run Behavior\ReadHtmlCacheBehavior [ RunTime:0.000462s ]
INFO: [ app_begin ] --END-- [ RunTime:0.000573s ]
SQL: SHOW COLUMNS FROM `book` [ RunTime:0.0033s ]
SQL: SELECT COUNT(*) AS tp_count FROM `book` LIMIT 1   [ RunTime:0.0003s ]
SQL: SELECT * FROM `book` ORDER BY book_id LIMIT 0,10   [ RunTime:0.0003s ]
INFO: [ view_parse ] --START--
INFO: [ template_filter ] --START--
INFO: Run Behavior\ContentReplaceBehavior [ RunTime:0.000095s ]
INFO: [ template_filter ] --END-- [ RunTime:0.000209s ]
INFO: Run Behavior\ParseTemplateBehavior [ RunTime:0.015257s ]
INFO: [ view_parse ] --END-- [ RunTime:0.015395s ]
INFO: [ view_filter ] --START--
INFO: Run Behavior\WriteHtmlCacheBehavior [ RunTime:0.000400s ]
INFO: [ view_filter ] --END-- [ RunTime:0.000532s ]
INFO: [ app_end ] --START--
INFO: Run Behavior\ShowPageTraceBehavior [ RunTime:0.000877s ]
INFO: [ app_end ] --END-- [ RunTime:0.001099s ]

[ 2015-08-25T00:12:59+08:00 ] 127.0.0.1 /Home/Main/queryBook.html
INFO: [ app_init ] --START--
INFO: Run Behavior\BuildLiteBehavior [ RunTime:0.000071s ]
INFO: [ app_init ] --END-- [ RunTime:0.000814s ]
INFO: [ app_begin ] --START--
INFO: Run Behavior\ReadHtmlCacheBehavior [ RunTime:0.000768s ]
INFO: [ app_begin ] --END-- [ RunTime:0.001020s ]
SQL: SHOW COLUMNS FROM `book` [ RunTime:0.0052s ]
SQL: SELECT * FROM `book` WHERE `bookname` LIKE '%%'  [ RunTime:0.0004s ]
INFO: [ view_parse ] --START--
INFO: [ template_filter ] --START--
INFO: Run Behavior\ContentReplaceBehavior [ RunTime:0.000206s ]
INFO: [ template_filter ] --END-- [ RunTime:0.000695s ]
NOTIC: [8] Undefined variable: title C:\wamp\www\vitaldesign\Application\Runtime\Cache\Home\a183fd7dc84ac4f2a91a27080ac72e42.php 第 6 行.
NOTIC: [8] Undefined variable: action C:\wamp\www\vitaldesign\Application\Runtime\Cache\Home\a183fd7dc84ac4f2a91a27080ac72e42.php 第 110 行.
NOTIC: [8] Undefined variable: page C:\wamp\www\vitaldesign\Application\Runtime\Cache\Home\a183fd7dc84ac4f2a91a27080ac72e42.php 第 173 行.
INFO: Run Behavior\ParseTemplateBehavior [ RunTime:0.017878s ]
INFO: [ view_parse ] --END-- [ RunTime:0.018028s ]
INFO: [ view_filter ] --START--
INFO: Run Behavior\WriteHtmlCacheBehavior [ RunTime:0.000948s ]
INFO: [ view_filter ] --END-- [ RunTime:0.001080s ]
INFO: [ app_end ] --START--
INFO: Run Behavior\ShowPageTraceBehavior [ RunTime:0.000817s ]
INFO: [ app_end ] --END-- [ RunTime:0.000966s ]

[ 2015-08-25T00:13:03+08:00 ] 127.0.0.1 /Home/Main/queryBook.html
INFO: [ app_init ] --START--
INFO: Run Behavior\BuildLiteBehavior [ RunTime:0.000032s ]
INFO: [ app_init ] --END-- [ RunTime:0.000462s ]
INFO: [ app_begin ] --START--
INFO: Run Behavior\ReadHtmlCacheBehavior [ RunTime:0.001216s ]
INFO: [ app_begin ] --END-- [ RunTime:0.001483s ]
SQL: SHOW COLUMNS FROM `book` [ RunTime:0.0033s ]
SQL: SELECT * FROM `book` WHERE `bookname` LIKE '% %'  [ RunTime:0.0009s ]
INFO: [ view_parse ] --START--
INFO: [ template_filter ] --START--
INFO: Run Behavior\ContentReplaceBehavior [ RunTime:0.000120s ]
INFO: [ template_filter ] --END-- [ RunTime:0.000254s ]
NOTIC: [8] Undefined variable: title C:\wamp\www\vitaldesign\Application\Runtime\Cache\Home\a183fd7dc84ac4f2a91a27080ac72e42.php 第 6 行.
NOTIC: [8] Undefined variable: action C:\wamp\www\vitaldesign\Application\Runtime\Cache\Home\a183fd7dc84ac4f2a91a27080ac72e42.php 第 110 行.
NOTIC: [8] Undefined variable: page C:\wamp\www\vitaldesign\Application\Runtime\Cache\Home\a183fd7dc84ac4f2a91a27080ac72e42.php 第 173 行.
INFO: Run Behavior\ParseTemplateBehavior [ RunTime:0.023324s ]
INFO: [ view_parse ] --END-- [ RunTime:0.023495s ]
INFO: [ view_filter ] --START--
INFO: Run Behavior\WriteHtmlCacheBehavior [ RunTime:0.000634s ]
INFO: [ view_filter ] --END-- [ RunTime:0.000775s ]
INFO: [ app_end ] --START--
INFO: Run Behavior\ShowPageTraceBehavior [ RunTime:0.000705s ]
INFO: [ app_end ] --END-- [ RunTime:0.000868s ]

[ 2015-08-25T00:13:15+08:00 ] 127.0.0.1 /Home/Main/queryBook.html
INFO: [ app_init ] --START--
INFO: Run Behavior\BuildLiteBehavior [ RunTime:0.000027s ]
INFO: [ app_init ] --END-- [ RunTime:0.000467s ]
INFO: [ app_begin ] --START--
INFO: Run Behavior\ReadHtmlCacheBehavior [ RunTime:0.000588s ]
INFO: [ app_begin ] --END-- [ RunTime:0.000851s ]
SQL: SHOW COLUMNS FROM `book` [ RunTime:0.0031s ]
SQL: SELECT * FROM `book` WHERE `bookname` LIKE '%%'  [ RunTime:0.0009s ]
INFO: [ view_parse ] --START--
INFO: [ template_filter ] --START--
INFO: Run Behavior\ContentReplaceBehavior [ RunTime:0.000097s ]
INFO: [ template_filter ] --END-- [ RunTime:0.000215s ]
NOTIC: [8] Undefined variable: title C:\wamp\www\vitaldesign\Application\Runtime\Cache\Home\a183fd7dc84ac4f2a91a27080ac72e42.php 第 6 行.
NOTIC: [8] Undefined variable: action C:\wamp\www\vitaldesign\Application\Runtime\Cache\Home\a183fd7dc84ac4f2a91a27080ac72e42.php 第 110 行.
NOTIC: [8] Undefined variable: page C:\wamp\www\vitaldesign\Application\Runtime\Cache\Home\a183fd7dc84ac4f2a91a27080ac72e42.php 第 173 行.
INFO: Run Behavior\ParseTemplateBehavior [ RunTime:0.021598s ]
INFO: [ view_parse ] --END-- [ RunTime:0.021857s ]
INFO: [ view_filter ] --START--
INFO: Run Behavior\WriteHtmlCacheBehavior [ RunTime:0.000740s ]
INFO: [ view_filter ] --END-- [ RunTime:0.000919s ]
INFO: [ app_end ] --START--
INFO: Run Behavior\ShowPageTraceBehavior [ RunTime:0.000830s ]
INFO: [ app_end ] --END-- [ RunTime:0.000970s ]

[ 2015-08-25T00:13:23+08:00 ] 127.0.0.1 /Home/Main/queryBook.html
INFO: [ app_init ] --START--
INFO: Run Behavior\BuildLiteBehavior [ RunTime:0.000030s ]
INFO: [ app_init ] --END-- [ RunTime:0.000419s ]
INFO: [ app_begin ] --START--
INFO: Run Behavior\ReadHtmlCacheBehavior [ RunTime:0.000634s ]
INFO: [ app_begin ] --END-- [ RunTime:0.000791s ]
SQL: SHOW COLUMNS FROM `book` [ RunTime:0.0060s ]
SQL: SELECT * FROM `book` WHERE `bookname` LIKE '%%'  [ RunTime:0.0004s ]
INFO: [ view_parse ] --START--
INFO: [ template_filter ] --START--
INFO: Run Behavior\ContentReplaceBehavior [ RunTime:0.000100s ]
INFO: [ template_filter ] --END-- [ RunTime:0.000240s ]
NOTIC: [8] Undefined variable: title C:\wamp\www\vitaldesign\Application\Runtime\Cache\Home\a183fd7dc84ac4f2a91a27080ac72e42.php 第 6 行.
NOTIC: [8] Undefined variable: action C:\wamp\www\vitaldesign\Application\Runtime\Cache\Home\a183fd7dc84ac4f2a91a27080ac72e42.php 第 110 行.
NOTIC: [8] Undefined variable: page C:\wamp\www\vitaldesign\Application\Runtime\Cache\Home\a183fd7dc84ac4f2a91a27080ac72e42.php 第 173 行.
INFO: Run Behavior\ParseTemplateBehavior [ RunTime:0.017091s ]
INFO: [ view_parse ] --END-- [ RunTime:0.017234s ]
INFO: [ view_filter ] --START--
INFO: Run Behavior\WriteHtmlCacheBehavior [ RunTime:0.000588s ]
INFO: [ view_filter ] --END-- [ RunTime:0.000711s ]
INFO: [ app_end ] --START--
INFO: Run Behavior\ShowPageTraceBehavior [ RunTime:0.000842s ]
INFO: [ app_end ] --END-- [ RunTime:0.001060s ]

[ 2015-08-25T00:13:27+08:00 ] 127.0.0.1 /Home/Main/lendBook.html
INFO: [ app_init ] --START--
INFO: Run Behavior\BuildLiteBehavior [ RunTime:0.000042s ]
INFO: [ app_init ] --END-- [ RunTime:0.000474s ]
INFO: [ app_begin ] --START--
INFO: Run Behavior\ReadHtmlCacheBehavior [ RunTime:0.000452s ]
INFO: [ app_begin ] --END-- [ RunTime:0.000591s ]
SQL: SHOW COLUMNS FROM `book` [ RunTime:0.0037s ]
SQL: SELECT COUNT(*) AS tp_count FROM `book` LIMIT 1   [ RunTime:0.0003s ]
SQL: SELECT * FROM `book` ORDER BY book_id LIMIT 0,10   [ RunTime:0.0003s ]
INFO: [ view_parse ] --START--
INFO: [ template_filter ] --START--
INFO: Run Behavior\ContentReplaceBehavior [ RunTime:0.000097s ]
INFO: [ template_filter ] --END-- [ RunTime:0.000241s ]
INFO: Run Behavior\ParseTemplateBehavior [ RunTime:0.017568s ]
INFO: [ view_parse ] --END-- [ RunTime:0.017691s ]
INFO: [ view_filter ] --START--
INFO: Run Behavior\WriteHtmlCacheBehavior [ RunTime:0.000443s ]
INFO: [ view_filter ] --END-- [ RunTime:0.000549s ]
INFO: [ app_end ] --START--
INFO: Run Behavior\ShowPageTraceBehavior [ RunTime:0.005443s ]
INFO: [ app_end ] --END-- [ RunTime:0.005638s ]

[ 2015-08-25T00:13:34+08:00 ] 127.0.0.1 /Home/Main/queryBook.html
INFO: [ app_init ] --START--
INFO: Run Behavior\BuildLiteBehavior [ RunTime:0.000025s ]
INFO: [ app_init ] --END-- [ RunTime:0.000361s ]
INFO: [ app_begin ] --START--
INFO: Run Behavior\ReadHtmlCacheBehavior [ RunTime:0.000449s ]
INFO: [ app_begin ] --END-- [ RunTime:0.000571s ]
SQL: SHOW COLUMNS FROM `book` [ RunTime:0.0041s ]
SQL: SELECT * FROM `book` WHERE `bookname` LIKE '% %'  [ RunTime:0.0004s ]
INFO: [ view_parse ] --START--
INFO: [ template_filter ] --START--
INFO: Run Behavior\ContentReplaceBehavior [ RunTime:0.000109s ]
INFO: [ template_filter ] --END-- [ RunTime:0.000251s ]
NOTIC: [8] Undefined variable: title C:\wamp\www\vitaldesign\Application\Runtime\Cache\Home\a183fd7dc84ac4f2a91a27080ac72e42.php 第 6 行.
NOTIC: [8] Undefined variable: action C:\wamp\www\vitaldesign\Application\Runtime\Cache\Home\a183fd7dc84ac4f2a91a27080ac72e42.php 第 110 行.
NOTIC: [8] Undefined variable: page C:\wamp\www\vitaldesign\Application\Runtime\Cache\Home\a183fd7dc84ac4f2a91a27080ac72e42.php 第 173 行.
INFO: Run Behavior\ParseTemplateBehavior [ RunTime:0.019580s ]
INFO: [ view_parse ] --END-- [ RunTime:0.019722s ]
INFO: [ view_filter ] --START--
INFO: Run Behavior\WriteHtmlCacheBehavior [ RunTime:0.000893s ]
INFO: [ view_filter ] --END-- [ RunTime:0.001086s ]
INFO: [ app_end ] --START--
INFO: Run Behavior\ShowPageTraceBehavior [ RunTime:0.001062s ]
INFO: [ app_end ] --END-- [ RunTime:0.001270s ]

[ 2015-08-25T00:13:42+08:00 ] 127.0.0.1 /Home/Main/queryBook.html
INFO: [ app_init ] --START--
INFO: Run Behavior\BuildLiteBehavior [ RunTime:0.000028s ]
INFO: [ app_init ] --END-- [ RunTime:0.000419s ]
INFO: [ app_begin ] --START--
INFO: Run Behavior\ReadHtmlCacheBehavior [ RunTime:0.000802s ]
INFO: [ app_begin ] --END-- [ RunTime:0.001000s ]
SQL: SHOW COLUMNS FROM `book` [ RunTime:0.0029s ]
SQL: SELECT * FROM `book` WHERE `bookname` LIKE '%%'  [ RunTime:0.0005s ]
INFO: [ view_parse ] --START--
INFO: [ template_filter ] --START--
INFO: Run Behavior\ContentReplaceBehavior [ RunTime:0.000112s ]
INFO: [ template_filter ] --END-- [ RunTime:0.000258s ]
NOTIC: [8] Undefined variable: title C:\wamp\www\vitaldesign\Application\Runtime\Cache\Home\a183fd7dc84ac4f2a91a27080ac72e42.php 第 6 行.
NOTIC: [8] Undefined variable: action C:\wamp\www\vitaldesign\Application\Runtime\Cache\Home\a183fd7dc84ac4f2a91a27080ac72e42.php 第 110 行.
NOTIC: [8] Undefined variable: page C:\wamp\www\vitaldesign\Application\Runtime\Cache\Home\a183fd7dc84ac4f2a91a27080ac72e42.php 第 173 行.
INFO: Run Behavior\ParseTemplateBehavior [ RunTime:0.020277s ]
INFO: [ view_parse ] --END-- [ RunTime:0.020520s ]
INFO: [ view_filter ] --START--
INFO: Run Behavior\WriteHtmlCacheBehavior [ RunTime:0.000606s ]
INFO: [ view_filter ] --END-- [ RunTime:0.000725s ]
INFO: [ app_end ] --START--
INFO: Run Behavior\ShowPageTraceBehavior [ RunTime:0.001029s ]
INFO: [ app_end ] --END-- [ RunTime:0.001236s ]

