[ 2015-07-15T14:07:39+08:00 ] 127.0.0.1 /Home/User/showLogin
INFO: [ app_init ] --START--
INFO: Run Behavior\BuildLiteBehavior [ RunTime:0.000038s ]
INFO: [ app_init ] --END-- [ RunTime:0.001547s ]
INFO: [ app_begin ] --START--
INFO: Run Behavior\ReadHtmlCacheBehavior [ RunTime:0.001714s ]
INFO: [ app_begin ] --END-- [ RunTime:0.002114s ]
INFO: [ view_parse ] --START--
INFO: [ template_filter ] --START--
INFO: Run Behavior\ContentReplaceBehavior [ RunTime:0.000076s ]
INFO: [ template_filter ] --END-- [ RunTime:0.000221s ]
INFO: Run Behavior\ParseTemplateBehavior [ RunTime:0.018033s ]
INFO: [ view_parse ] --END-- [ RunTime:0.018204s ]
INFO: [ view_filter ] --START--
INFO: Run Behavior\WriteHtmlCacheBehavior [ RunTime:0.000881s ]
INFO: [ view_filter ] --END-- [ RunTime:0.001076s ]
INFO: [ app_end ] --START--
INFO: Run Behavior\ShowPageTraceBehavior [ RunTime:0.001090s ]
INFO: [ app_end ] --END-- [ RunTime:0.001288s ]

[ 2015-07-15T14:07:40+08:00 ] 127.0.0.1 /Home/User/assets/css/amazeui.min.css
INFO: [ app_init ] --START--
INFO: Run Behavior\BuildLiteBehavior [ RunTime:0.000065s ]
INFO: [ app_init ] --END-- [ RunTime:0.001061s ]
INFO: [ app_begin ] --START--
INFO: Run Behavior\ReadHtmlCacheBehavior [ RunTime:0.000909s ]
INFO: [ app_begin ] --END-- [ RunTime:0.001195s ]
ERR: 非法操作:assets

[ 2015-07-15T14:07:40+08:00 ] 127.0.0.1 /Home/User/assets/i/favicon.png
INFO: [ app_init ] --START--
INFO: Run Behavior\BuildLiteBehavior [ RunTime:0.000047s ]
INFO: [ app_init ] --END-- [ RunTime:0.000595s ]

[ 2015-07-15T14:07:40+08:00 ] 127.0.0.1 /Home/User/assets/i/favicon.png
INFO: [ app_init ] --START--
INFO: Run Behavior\BuildLiteBehavior [ RunTime:0.000030s ]
INFO: [ app_init ] --END-- [ RunTime:0.000533s ]

[ 2015-07-15T14:07:43+08:00 ] 127.0.0.1 /Home/User/doLogin.html
INFO: [ app_init ] --START--
INFO: Run Behavior\BuildLiteBehavior [ RunTime:0.000027s ]
INFO: [ app_init ] --END-- [ RunTime:0.000554s ]
INFO: [ app_begin ] --START--
INFO: Run Behavior\ReadHtmlCacheBehavior [ RunTime:0.000531s ]
INFO: [ app_begin ] --END-- [ RunTime:0.000665s ]
SQL: SHOW COLUMNS FROM `user` [ RunTime:0.0181s ]
SQL: SELECT * FROM `user` WHERE `username` = 'hin' LIMIT 1   [ RunTime:0.0024s ]
SQL: UPDATE `user` SET `username`='hin',`password`='8899587',`lastlogintime`='1436940463',`lastloginip`='127.0.0.1',`name`='郑轩',`email`='hintrinh@vip.qq.com' WHERE `id` = 7 [ RunTime:0.0032s ]
INFO: [ view_parse ] --START--
INFO: [ template_filter ] --START--
INFO: Run Behavior\ContentReplaceBehavior [ RunTime:0.000077s ]
INFO: [ template_filter ] --END-- [ RunTime:0.000213s ]
INFO: Run Behavior\ParseTemplateBehavior [ RunTime:0.008117s ]
INFO: [ view_parse ] --END-- [ RunTime:0.008312s ]
INFO: [ view_filter ] --START--
INFO: Run Behavior\WriteHtmlCacheBehavior [ RunTime:0.000214s ]
INFO: [ view_filter ] --END-- [ RunTime:0.000313s ]
INFO: [ app_end ] --START--
INFO: Run Behavior\ShowPageTraceBehavior [ RunTime:0.000628s ]
INFO: [ app_end ] --END-- [ RunTime:0.000731s ]

[ 2015-07-15T14:07:44+08:00 ] 127.0.0.1 /Home/Main/showMain.html
INFO: [ app_init ] --START--
INFO: Run Behavior\BuildLiteBehavior [ RunTime:0.000056s ]
INFO: [ app_init ] --END-- [ RunTime:0.000717s ]
INFO: [ app_begin ] --START--
INFO: Run Behavior\ReadHtmlCacheBehavior [ RunTime:0.000759s ]
INFO: [ app_begin ] --END-- [ RunTime:0.001033s ]
SQL: select version() as ver [ RunTime:0.0020s ]
SQL: SHOW TABLE STATUS FROM tsglxt [ RunTime:0.0255s ]
NOTIC: [8] Undefined index: Data_length D:\wamp\www\vitaldesign\Application\Home\Controller\MainController.class.php 第 65 行.
NOTIC: [8] Undefined index: Index_length D:\wamp\www\vitaldesign\Application\Home\Controller\MainController.class.php 第 65 行.
NOTIC: [8] Undefined index: Data_length D:\wamp\www\vitaldesign\Application\Home\Controller\MainController.class.php 第 65 行.
NOTIC: [8] Undefined index: Index_length D:\wamp\www\vitaldesign\Application\Home\Controller\MainController.class.php 第 65 行.
NOTIC: [8] Undefined index: Data_length D:\wamp\www\vitaldesign\Application\Home\Controller\MainController.class.php 第 65 行.
NOTIC: [8] Undefined index: Index_length D:\wamp\www\vitaldesign\Application\Home\Controller\MainController.class.php 第 65 行.
NOTIC: [8] Undefined index: Data_length D:\wamp\www\vitaldesign\Application\Home\Controller\MainController.class.php 第 65 行.
NOTIC: [8] Undefined index: Index_length D:\wamp\www\vitaldesign\Application\Home\Controller\MainController.class.php 第 65 行.
NOTIC: [8] Undefined index: Data_length D:\wamp\www\vitaldesign\Application\Home\Controller\MainController.class.php 第 65 行.
NOTIC: [8] Undefined index: Index_length D:\wamp\www\vitaldesign\Application\Home\Controller\MainController.class.php 第 65 行.
NOTIC: [8] Undefined index: Data_length D:\wamp\www\vitaldesign\Application\Home\Controller\MainController.class.php 第 65 行.
NOTIC: [8] Undefined index: Index_length D:\wamp\www\vitaldesign\Application\Home\Controller\MainController.class.php 第 65 行.
INFO: [ view_parse ] --START--
INFO: [ template_filter ] --START--
INFO: Run Behavior\ContentReplaceBehavior [ RunTime:0.000119s ]
INFO: [ template_filter ] --END-- [ RunTime:0.000310s ]
INFO: Run Behavior\ParseTemplateBehavior [ RunTime:0.018871s ]
INFO: [ view_parse ] --END-- [ RunTime:0.019056s ]
INFO: [ view_filter ] --START--
INFO: Run Behavior\WriteHtmlCacheBehavior [ RunTime:0.000356s ]
INFO: [ view_filter ] --END-- [ RunTime:0.000468s ]
INFO: [ app_end ] --START--
INFO: Run Behavior\ShowPageTraceBehavior [ RunTime:0.000625s ]
INFO: [ app_end ] --END-- [ RunTime:0.000836s ]

[ 2015-07-15T14:07:45+08:00 ] 127.0.0.1 /Home/Main/updateReader.html
INFO: [ app_init ] --START--
INFO: Run Behavior\BuildLiteBehavior [ RunTime:0.000028s ]
INFO: [ app_init ] --END-- [ RunTime:0.000462s ]
INFO: [ app_begin ] --START--
INFO: Run Behavior\ReadHtmlCacheBehavior [ RunTime:0.000977s ]
INFO: [ app_begin ] --END-- [ RunTime:0.001229s ]
SQL: SHOW COLUMNS FROM `reader` [ RunTime:0.0058s ]
SQL: SELECT COUNT(*) AS tp_count FROM `reader` LIMIT 1   [ RunTime:0.0024s ]
SQL: SELECT * FROM `reader` ORDER BY reader_id asc LIMIT 0,5   [ RunTime:0.0015s ]
INFO: [ view_parse ] --START--
INFO: [ template_filter ] --START--
INFO: Run Behavior\ContentReplaceBehavior [ RunTime:0.000087s ]
INFO: [ template_filter ] --END-- [ RunTime:0.000200s ]
INFO: Run Behavior\ParseTemplateBehavior [ RunTime:0.020263s ]
INFO: [ view_parse ] --END-- [ RunTime:0.020472s ]
INFO: [ view_filter ] --START--
INFO: Run Behavior\WriteHtmlCacheBehavior [ RunTime:0.000624s ]
INFO: [ view_filter ] --END-- [ RunTime:0.000869s ]
INFO: [ app_end ] --START--
INFO: Run Behavior\ShowPageTraceBehavior [ RunTime:0.001017s ]
INFO: [ app_end ] --END-- [ RunTime:0.001319s ]

[ 2015-07-15T14:07:48+08:00 ] 127.0.0.1 /Home/Main/editReader/id/4
INFO: [ app_init ] --START--
INFO: Run Behavior\BuildLiteBehavior [ RunTime:0.000024s ]
INFO: [ app_init ] --END-- [ RunTime:0.000544s ]
INFO: [ app_begin ] --START--
INFO: Run Behavior\ReadHtmlCacheBehavior [ RunTime:0.000455s ]
INFO: [ app_begin ] --END-- [ RunTime:0.000597s ]
INFO: [ view_parse ] --START--
INFO: [ template_filter ] --START--
INFO: Run Behavior\ContentReplaceBehavior [ RunTime:0.000090s ]
INFO: [ template_filter ] --END-- [ RunTime:0.000248s ]
INFO: Run Behavior\ParseTemplateBehavior [ RunTime:0.018549s ]
INFO: [ view_parse ] --END-- [ RunTime:0.018817s ]
INFO: [ view_filter ] --START--
INFO: Run Behavior\WriteHtmlCacheBehavior [ RunTime:0.000816s ]
INFO: [ view_filter ] --END-- [ RunTime:0.001068s ]
INFO: [ app_end ] --START--
INFO: Run Behavior\ShowPageTraceBehavior [ RunTime:0.000835s ]
INFO: [ app_end ] --END-- [ RunTime:0.001129s ]

[ 2015-07-15T14:07:56+08:00 ] 127.0.0.1 /Home/Main/editReader/id/2
INFO: [ app_init ] --START--
INFO: Run Behavior\BuildLiteBehavior [ RunTime:0.000063s ]
INFO: [ app_init ] --END-- [ RunTime:0.001264s ]
INFO: [ app_begin ] --START--
INFO: Run Behavior\ReadHtmlCacheBehavior [ RunTime:0.000886s ]
INFO: [ app_begin ] --END-- [ RunTime:0.001130s ]
INFO: [ view_parse ] --START--
INFO: [ template_filter ] --START--
INFO: Run Behavior\ContentReplaceBehavior [ RunTime:0.000103s ]
INFO: [ template_filter ] --END-- [ RunTime:0.000248s ]
INFO: Run Behavior\ParseTemplateBehavior [ RunTime:0.016346s ]
INFO: [ view_parse ] --END-- [ RunTime:0.016485s ]
INFO: [ view_filter ] --START--
INFO: Run Behavior\WriteHtmlCacheBehavior [ RunTime:0.000236s ]
INFO: [ view_filter ] --END-- [ RunTime:0.000334s ]
INFO: [ app_end ] --START--
INFO: Run Behavior\ShowPageTraceBehavior [ RunTime:0.000577s ]
INFO: [ app_end ] --END-- [ RunTime:0.000732s ]

