[ 2015-08-26T05:37:50+08:00 ] 127.0.0.1 /Home/Main/showMain
INFO: [ app_init ] --START--
INFO: Run Behavior\BuildLiteBehavior [ RunTime:0.000050s ]
INFO: [ app_init ] --END-- [ RunTime:0.001504s ]
INFO: [ app_begin ] --START--
INFO: Run Behavior\ReadHtmlCacheBehavior [ RunTime:0.000694s ]
INFO: [ app_begin ] --END-- [ RunTime:0.000857s ]
SQL: select version() as ver [ RunTime:0.0046s ]
SQL: SHOW TABLE STATUS FROM tsglxt [ RunTime:0.0189s ]
NOTIC: [8] Undefined index: Data_length C:\wamp\www\LMS\Application\Home\Controller\MainController.class.php 第 66 行.
NOTIC: [8] Undefined index: Index_length C:\wamp\www\LMS\Application\Home\Controller\MainController.class.php 第 66 行.
NOTIC: [8] Undefined index: Data_length C:\wamp\www\LMS\Application\Home\Controller\MainController.class.php 第 66 行.
NOTIC: [8] Undefined index: Index_length C:\wamp\www\LMS\Application\Home\Controller\MainController.class.php 第 66 行.
NOTIC: [8] Undefined index: Data_length C:\wamp\www\LMS\Application\Home\Controller\MainController.class.php 第 66 行.
NOTIC: [8] Undefined index: Index_length C:\wamp\www\LMS\Application\Home\Controller\MainController.class.php 第 66 行.
NOTIC: [8] Undefined index: Data_length C:\wamp\www\LMS\Application\Home\Controller\MainController.class.php 第 66 行.
NOTIC: [8] Undefined index: Index_length C:\wamp\www\LMS\Application\Home\Controller\MainController.class.php 第 66 行.
NOTIC: [8] Undefined index: Data_length C:\wamp\www\LMS\Application\Home\Controller\MainController.class.php 第 66 行.
NOTIC: [8] Undefined index: Index_length C:\wamp\www\LMS\Application\Home\Controller\MainController.class.php 第 66 行.
NOTIC: [8] Undefined index: Data_length C:\wamp\www\LMS\Application\Home\Controller\MainController.class.php 第 66 行.
NOTIC: [8] Undefined index: Index_length C:\wamp\www\LMS\Application\Home\Controller\MainController.class.php 第 66 行.
INFO: [ view_parse ] --START--
INFO: [ template_filter ] --START--
INFO: Run Behavior\ContentReplaceBehavior [ RunTime:0.000101s ]
INFO: [ template_filter ] --END-- [ RunTime:0.000252s ]
INFO: Run Behavior\ParseTemplateBehavior [ RunTime:0.022640s ]
INFO: [ view_parse ] --END-- [ RunTime:0.022790s ]
INFO: [ view_filter ] --START--
INFO: Run Behavior\WriteHtmlCacheBehavior [ RunTime:0.000456s ]
INFO: [ view_filter ] --END-- [ RunTime:0.000565s ]
INFO: [ app_end ] --START--
INFO: Run Behavior\ShowPageTraceBehavior [ RunTime:0.000817s ]
INFO: [ app_end ] --END-- [ RunTime:0.000957s ]

[ 2015-08-26T05:39:35+08:00 ] 127.0.0.1 /Home/Main/lendBook.html
INFO: [ app_init ] --START--
INFO: Run Behavior\BuildLiteBehavior [ RunTime:0.000032s ]
INFO: [ app_init ] --END-- [ RunTime:0.000571s ]
INFO: [ app_begin ] --START--
INFO: Run Behavior\ReadHtmlCacheBehavior [ RunTime:0.000469s ]
INFO: [ app_begin ] --END-- [ RunTime:0.000591s ]
SQL: SHOW COLUMNS FROM `book` [ RunTime:0.0085s ]
SQL: SELECT COUNT(*) AS tp_count FROM `book` LIMIT 1   [ RunTime:0.0061s ]
SQL: SELECT * FROM `book` ORDER BY book_id LIMIT 0,10   [ RunTime:0.0009s ]
INFO: [ view_parse ] --START--
INFO: [ template_filter ] --START--
INFO: Run Behavior\ContentReplaceBehavior [ RunTime:0.000133s ]
INFO: [ template_filter ] --END-- [ RunTime:0.000269s ]
INFO: Run Behavior\ParseTemplateBehavior [ RunTime:0.017159s ]
INFO: [ view_parse ] --END-- [ RunTime:0.017317s ]
INFO: [ view_filter ] --START--
INFO: Run Behavior\WriteHtmlCacheBehavior [ RunTime:0.000305s ]
INFO: [ view_filter ] --END-- [ RunTime:0.000453s ]
INFO: [ app_end ] --START--
INFO: Run Behavior\ShowPageTraceBehavior [ RunTime:0.000703s ]
INFO: [ app_end ] --END-- [ RunTime:0.000877s ]

