[ 2015-07-11T21:41:19+08:00 ] 127.0.0.1 /Home/User/showLogin
INFO: [ app_init ] --START--
INFO: Run Behavior\BuildLiteBehavior [ RunTime:0.000057s ]
INFO: [ app_init ] --END-- [ RunTime:0.002008s ]
INFO: [ app_begin ] --START--
INFO: Run Behavior\ReadHtmlCacheBehavior [ RunTime:0.001711s ]
INFO: [ app_begin ] --END-- [ RunTime:0.001994s ]
INFO: [ view_parse ] --START--
INFO: [ template_filter ] --START--
INFO: Run Behavior\ContentReplaceBehavior [ RunTime:0.000343s ]
INFO: [ template_filter ] --END-- [ RunTime:0.000891s ]
INFO: Run Behavior\ParseTemplateBehavior [ RunTime:0.041374s ]
INFO: [ view_parse ] --END-- [ RunTime:0.041757s ]
INFO: [ view_filter ] --START--
INFO: Run Behavior\WriteHtmlCacheBehavior [ RunTime:0.001059s ]
INFO: [ view_filter ] --END-- [ RunTime:0.001326s ]
INFO: [ app_end ] --START--
INFO: Run Behavior\ShowPageTraceBehavior [ RunTime:0.001395s ]
INFO: [ app_end ] --END-- [ RunTime:0.001656s ]

[ 2015-07-11T21:41:19+08:00 ] 127.0.0.1 /Home/User/assets/css/amazeui.min.css
INFO: [ app_init ] --START--
INFO: Run Behavior\BuildLiteBehavior [ RunTime:0.000110s ]
INFO: [ app_init ] --END-- [ RunTime:0.001558s ]
INFO: [ app_begin ] --START--
INFO: Run Behavior\ReadHtmlCacheBehavior [ RunTime:0.000761s ]
INFO: [ app_begin ] --END-- [ RunTime:0.001042s ]
ERR: 非法操作:assets

[ 2015-07-11T21:41:19+08:00 ] 127.0.0.1 /Home/User/assets/i/favicon.png
INFO: [ app_init ] --START--
INFO: Run Behavior\BuildLiteBehavior [ RunTime:0.000056s ]
INFO: [ app_init ] --END-- [ RunTime:0.000900s ]

[ 2015-07-11T21:41:19+08:00 ] 127.0.0.1 /Home/User/assets/i/favicon.png
INFO: [ app_init ] --START--
INFO: Run Behavior\BuildLiteBehavior [ RunTime:0.000031s ]
INFO: [ app_init ] --END-- [ RunTime:0.000436s ]

[ 2015-07-11T21:41:24+08:00 ] 127.0.0.1 /Home/User/doLogin.html
INFO: [ app_init ] --START--
INFO: Run Behavior\BuildLiteBehavior [ RunTime:0.000032s ]
INFO: [ app_init ] --END-- [ RunTime:0.000479s ]
INFO: [ app_begin ] --START--
INFO: Run Behavior\ReadHtmlCacheBehavior [ RunTime:0.000461s ]
INFO: [ app_begin ] --END-- [ RunTime:0.000614s ]
SQL: SHOW COLUMNS FROM `user` [ RunTime:0.0158s ]
SQL: SELECT * FROM `user` WHERE `username` = 'hin' LIMIT 1   [ RunTime:0.0023s ]
SQL: UPDATE `user` SET `username`='hin',`password`='8899587',`lastlogintime`='1436622084',`lastloginip`='127.0.0.1',`name`='郑轩',`email`='hintrinh@vip.qq.com' WHERE `id` = 7 [ RunTime:0.0025s ]
INFO: [ view_parse ] --START--
INFO: [ template_filter ] --START--
INFO: Run Behavior\ContentReplaceBehavior [ RunTime:0.000083s ]
INFO: [ template_filter ] --END-- [ RunTime:0.000241s ]
INFO: Run Behavior\ParseTemplateBehavior [ RunTime:0.007114s ]
INFO: [ view_parse ] --END-- [ RunTime:0.007277s ]
INFO: [ view_filter ] --START--
INFO: Run Behavior\WriteHtmlCacheBehavior [ RunTime:0.000236s ]
INFO: [ view_filter ] --END-- [ RunTime:0.000352s ]
INFO: [ app_end ] --START--
INFO: Run Behavior\ShowPageTraceBehavior [ RunTime:0.000475s ]
INFO: [ app_end ] --END-- [ RunTime:0.000602s ]

[ 2015-07-11T21:41:25+08:00 ] 127.0.0.1 /Home/Main/showMain.html
INFO: [ app_init ] --START--
INFO: Run Behavior\BuildLiteBehavior [ RunTime:0.000088s ]
INFO: [ app_init ] --END-- [ RunTime:0.001010s ]
INFO: [ app_begin ] --START--
INFO: Run Behavior\ReadHtmlCacheBehavior [ RunTime:0.001646s ]
INFO: [ app_begin ] --END-- [ RunTime:0.002149s ]
SQL: select version() as ver [ RunTime:0.0020s ]
SQL: SHOW TABLE STATUS FROM tsglxt [ RunTime:0.0208s ]
NOTIC: [8] Undefined index: Data_length D:\wamp\www\vitaldesign\Application\Home\Controller\MainController.class.php 第 65 行.
NOTIC: [8] Undefined index: Index_length D:\wamp\www\vitaldesign\Application\Home\Controller\MainController.class.php 第 65 行.
NOTIC: [8] Undefined index: Data_length D:\wamp\www\vitaldesign\Application\Home\Controller\MainController.class.php 第 65 行.
NOTIC: [8] Undefined index: Index_length D:\wamp\www\vitaldesign\Application\Home\Controller\MainController.class.php 第 65 行.
NOTIC: [8] Undefined index: Data_length D:\wamp\www\vitaldesign\Application\Home\Controller\MainController.class.php 第 65 行.
NOTIC: [8] Undefined index: Index_length D:\wamp\www\vitaldesign\Application\Home\Controller\MainController.class.php 第 65 行.
NOTIC: [8] Undefined index: Data_length D:\wamp\www\vitaldesign\Application\Home\Controller\MainController.class.php 第 65 行.
NOTIC: [8] Undefined index: Index_length D:\wamp\www\vitaldesign\Application\Home\Controller\MainController.class.php 第 65 行.
NOTIC: [8] Undefined index: Data_length D:\wamp\www\vitaldesign\Application\Home\Controller\MainController.class.php 第 65 行.
NOTIC: [8] Undefined index: Index_length D:\wamp\www\vitaldesign\Application\Home\Controller\MainController.class.php 第 65 行.
NOTIC: [8] Undefined index: Data_length D:\wamp\www\vitaldesign\Application\Home\Controller\MainController.class.php 第 65 行.
NOTIC: [8] Undefined index: Index_length D:\wamp\www\vitaldesign\Application\Home\Controller\MainController.class.php 第 65 行.
INFO: [ view_parse ] --START--
INFO: [ template_filter ] --START--
INFO: Run Behavior\ContentReplaceBehavior [ RunTime:0.000208s ]
INFO: [ template_filter ] --END-- [ RunTime:0.000474s ]
INFO: Run Behavior\ParseTemplateBehavior [ RunTime:0.037494s ]
INFO: [ view_parse ] --END-- [ RunTime:0.037791s ]
INFO: [ view_filter ] --START--
INFO: Run Behavior\WriteHtmlCacheBehavior [ RunTime:0.000488s ]
INFO: [ view_filter ] --END-- [ RunTime:0.000715s ]
INFO: [ app_end ] --START--
INFO: Run Behavior\ShowPageTraceBehavior [ RunTime:0.001081s ]
INFO: [ app_end ] --END-- [ RunTime:0.001349s ]

[ 2015-07-11T21:41:28+08:00 ] 127.0.0.1 /Home/Main/addReader.html
INFO: [ app_init ] --START--
INFO: Run Behavior\BuildLiteBehavior [ RunTime:0.000053s ]
INFO: [ app_init ] --END-- [ RunTime:0.001066s ]
INFO: [ app_begin ] --START--
INFO: Run Behavior\ReadHtmlCacheBehavior [ RunTime:0.001056s ]
INFO: [ app_begin ] --END-- [ RunTime:0.001377s ]
INFO: [ view_parse ] --START--
INFO: [ template_filter ] --START--
INFO: Run Behavior\ContentReplaceBehavior [ RunTime:0.000129s ]
INFO: [ template_filter ] --END-- [ RunTime:0.000257s ]
INFO: Run Behavior\ParseTemplateBehavior [ RunTime:0.013480s ]
INFO: [ view_parse ] --END-- [ RunTime:0.013709s ]
INFO: [ view_filter ] --START--
INFO: Run Behavior\WriteHtmlCacheBehavior [ RunTime:0.000295s ]
INFO: [ view_filter ] --END-- [ RunTime:0.000456s ]
INFO: [ app_end ] --START--
INFO: Run Behavior\ShowPageTraceBehavior [ RunTime:0.000690s ]
INFO: [ app_end ] --END-- [ RunTime:0.000882s ]

[ 2015-07-11T21:41:31+08:00 ] 127.0.0.1 /Home/Main/updateReader.html
INFO: [ app_init ] --START--
INFO: Run Behavior\BuildLiteBehavior [ RunTime:0.000052s ]
INFO: [ app_init ] --END-- [ RunTime:0.001007s ]
INFO: [ app_begin ] --START--
INFO: Run Behavior\ReadHtmlCacheBehavior [ RunTime:0.000992s ]
INFO: [ app_begin ] --END-- [ RunTime:0.001287s ]
SQL: SHOW COLUMNS FROM `reader` [ RunTime:0.0089s ]
SQL: SELECT * FROM `reader`  [ RunTime:0.0041s ]
INFO: [ view_parse ] --START--
INFO: [ template_filter ] --START--
INFO: Run Behavior\ContentReplaceBehavior [ RunTime:0.000204s ]
INFO: [ template_filter ] --END-- [ RunTime:0.000494s ]
INFO: Run Behavior\ParseTemplateBehavior [ RunTime:0.030732s ]
INFO: [ view_parse ] --END-- [ RunTime:0.031433s ]
INFO: [ view_filter ] --START--
INFO: Run Behavior\WriteHtmlCacheBehavior [ RunTime:0.000813s ]
INFO: [ view_filter ] --END-- [ RunTime:0.001147s ]
INFO: [ app_end ] --START--
INFO: Run Behavior\ShowPageTraceBehavior [ RunTime:0.001342s ]
INFO: [ app_end ] --END-- [ RunTime:0.001689s ]

[ 2015-07-11T21:41:45+08:00 ] 127.0.0.1 /Home/Main/editReader/id/1
INFO: [ app_init ] --START--
INFO: Run Behavior\BuildLiteBehavior [ RunTime:0.000686s ]
INFO: [ app_init ] --END-- [ RunTime:0.002090s ]
INFO: [ app_begin ] --START--
INFO: Run Behavior\ReadHtmlCacheBehavior [ RunTime:0.001088s ]
INFO: [ app_begin ] --END-- [ RunTime:0.001356s ]
INFO: [ view_parse ] --START--
INFO: [ template_filter ] --START--
INFO: Run Behavior\ContentReplaceBehavior [ RunTime:0.000207s ]
INFO: [ template_filter ] --END-- [ RunTime:0.000486s ]
INFO: Run Behavior\ParseTemplateBehavior [ RunTime:0.032709s ]
INFO: [ view_parse ] --END-- [ RunTime:0.033007s ]
INFO: [ view_filter ] --START--
INFO: Run Behavior\WriteHtmlCacheBehavior [ RunTime:0.000750s ]
INFO: [ view_filter ] --END-- [ RunTime:0.001002s ]
INFO: [ app_end ] --START--
INFO: Run Behavior\ShowPageTraceBehavior [ RunTime:0.001862s ]
INFO: [ app_end ] --END-- [ RunTime:0.002324s ]

[ 2015-07-11T21:42:09+08:00 ] 127.0.0.1 /Home/Main/showMain.html
INFO: [ app_init ] --START--
INFO: Run Behavior\BuildLiteBehavior [ RunTime:0.000110s ]
INFO: [ app_init ] --END-- [ RunTime:0.000998s ]
INFO: [ app_begin ] --START--
INFO: Run Behavior\ReadHtmlCacheBehavior [ RunTime:0.001297s ]
INFO: [ app_begin ] --END-- [ RunTime:0.001591s ]
SQL: select version() as ver [ RunTime:0.0003s ]
SQL: SHOW TABLE STATUS FROM tsglxt [ RunTime:0.0019s ]
NOTIC: [8] Undefined index: Data_length D:\wamp\www\vitaldesign\Application\Home\Controller\MainController.class.php 第 65 行.
NOTIC: [8] Undefined index: Index_length D:\wamp\www\vitaldesign\Application\Home\Controller\MainController.class.php 第 65 行.
NOTIC: [8] Undefined index: Data_length D:\wamp\www\vitaldesign\Application\Home\Controller\MainController.class.php 第 65 行.
NOTIC: [8] Undefined index: Index_length D:\wamp\www\vitaldesign\Application\Home\Controller\MainController.class.php 第 65 行.
NOTIC: [8] Undefined index: Data_length D:\wamp\www\vitaldesign\Application\Home\Controller\MainController.class.php 第 65 行.
NOTIC: [8] Undefined index: Index_length D:\wamp\www\vitaldesign\Application\Home\Controller\MainController.class.php 第 65 行.
NOTIC: [8] Undefined index: Data_length D:\wamp\www\vitaldesign\Application\Home\Controller\MainController.class.php 第 65 行.
NOTIC: [8] Undefined index: Index_length D:\wamp\www\vitaldesign\Application\Home\Controller\MainController.class.php 第 65 行.
NOTIC: [8] Undefined index: Data_length D:\wamp\www\vitaldesign\Application\Home\Controller\MainController.class.php 第 65 行.
NOTIC: [8] Undefined index: Index_length D:\wamp\www\vitaldesign\Application\Home\Controller\MainController.class.php 第 65 行.
NOTIC: [8] Undefined index: Data_length D:\wamp\www\vitaldesign\Application\Home\Controller\MainController.class.php 第 65 行.
NOTIC: [8] Undefined index: Index_length D:\wamp\www\vitaldesign\Application\Home\Controller\MainController.class.php 第 65 行.
INFO: [ view_parse ] --START--
INFO: [ template_filter ] --START--
INFO: Run Behavior\ContentReplaceBehavior [ RunTime:0.000225s ]
INFO: [ template_filter ] --END-- [ RunTime:0.000558s ]
INFO: Run Behavior\ParseTemplateBehavior [ RunTime:0.038949s ]
INFO: [ view_parse ] --END-- [ RunTime:0.039301s ]
INFO: [ view_filter ] --START--
INFO: Run Behavior\WriteHtmlCacheBehavior [ RunTime:0.000511s ]
INFO: [ view_filter ] --END-- [ RunTime:0.000705s ]
INFO: [ app_end ] --START--
INFO: Run Behavior\ShowPageTraceBehavior [ RunTime:0.000612s ]
INFO: [ app_end ] --END-- [ RunTime:0.000808s ]

